<?xml version="1.0" encoding="UTF-8"?>
<!-- Generated by org.testng.reporters.JUnitXMLReporter -->
<testsuite ignored="2" hostname="LAPTOP-DOBLN3AU" failures="0" tests="2" name="Test2" time="0.012" errors="0" timestamp="2021-11-04T08:30:54 IST">
  <testcase classname="com.qa.TestNGScripts.GroupsDemo2" name="method1" time="0.001"/>
  <testcase classname="com.qa.TestNGScripts.GroupsDemo2" name="method2" time="0.004"/>
  <testcase classname="com.qa.TestNGScripts.GroupsDemo2" name="method3" time="0.0">
    <ignored/>
  </testcase> <!-- method3 -->
  <testcase classname="com.qa.TestNGScripts.GroupsDemo2" name="method4" time="0.0">
    <ignored/>
  </testcase> <!-- method4 -->
</testsuite> <!-- Test2 -->
