<?xml version="1.0" encoding="UTF-8"?>
<!-- Generated by org.testng.reporters.JUnitXMLReporter -->
<testsuite ignored="2" hostname="LAPTOP-DOBLN3AU" failures="0" tests="6" name="Test3" time="0.094" errors="0" timestamp="2021-11-04T08:11:28 IST">
  <testcase classname="com.qa.TestNGScripts.GroupsDemo" name="testcase6" time="0.014"/>
  <testcase classname="com.qa.TestNGScripts.GroupsDemo" name="testcase7" time="0.002"/>
  <testcase classname="com.qa.TestNGScripts.GroupsDemo" name="testcase8" time="0.009"/>
  <testcase classname="com.qa.TestNGScripts.GroupsDemo" name="testcase1" time="0.003"/>
  <testcase classname="com.qa.TestNGScripts.GroupsDemo" name="testcase2" time="0.002"/>
  <testcase classname="com.qa.TestNGScripts.GroupsDemo" name="testcase3" time="0.001"/>
  <testcase classname="com.qa.TestNGScripts.GroupsDemo" name="testcase5" time="0.0">
    <ignored/>
  </testcase> <!-- testcase5 -->
  <testcase classname="com.qa.TestNGScripts.GroupsDemo" name="testcase4" time="0.0">
    <ignored/>
  </testcase> <!-- testcase4 -->
</testsuite> <!-- Test3 -->
