<?xml version="1.0" encoding="UTF-8"?>
<!-- Generated by org.testng.reporters.JUnitXMLReporter -->
<testsuite ignored="6" hostname="LAPTOP-DOBLN3AU" failures="0" tests="2" name="Test1" time="0.048" errors="0" timestamp="2021-11-04T08:30:54 IST">
  <testcase classname="com.qa.TestNGScripts.GroupsDemo" name="testcase4" time="0.008"/>
  <testcase classname="com.qa.TestNGScripts.GroupsDemo" name="testcase5" time="0.001"/>
  <testcase classname="com.qa.TestNGScripts.GroupsDemo" name="testcase2" time="0.0">
    <ignored/>
  </testcase> <!-- testcase2 -->
  <testcase classname="com.qa.TestNGScripts.GroupsDemo" name="testcase7" time="0.0">
    <ignored/>
  </testcase> <!-- testcase7 -->
  <testcase classname="com.qa.TestNGScripts.GroupsDemo" name="testcase6" time="0.0">
    <ignored/>
  </testcase> <!-- testcase6 -->
  <testcase classname="com.qa.TestNGScripts.GroupsDemo" name="testcase8" time="0.0">
    <ignored/>
  </testcase> <!-- testcase8 -->
  <testcase classname="com.qa.TestNGScripts.GroupsDemo" name="testcase1" time="0.0">
    <ignored/>
  </testcase> <!-- testcase1 -->
  <testcase classname="com.qa.TestNGScripts.GroupsDemo" name="testcase3" time="0.0">
    <ignored/>
  </testcase> <!-- testcase3 -->
</testsuite> <!-- Test1 -->
