<?xml version="1.0" encoding="UTF-8"?>
<!-- Generated by org.testng.reporters.JUnitXMLReporter -->
<testsuite ignored="0" hostname="LAPTOP-DOBLN3AU" failures="0" tests="3" name="Default test" time="25.64" errors="0" timestamp="2021-11-05T09:08:02 IST">
  <testcase classname="com.qa.DataDrivenTesting.SimpleScript" name="wikiPageInput" time="6.621"/>
  <testcase classname="com.qa.DataDrivenTesting.SimpleScript" name="wikiPageInput" time="6.587"/>
  <testcase classname="com.qa.DataDrivenTesting.SimpleScript" name="wikiPageInput" time="2.311"/>
</testsuite> <!-- Default test -->
