<?xml version="1.0" encoding="UTF-8"?>
<testng-results ignored="0" total="1" passed="1" failed="0" skipped="0">
  <reporter-output>
  </reporter-output>
  <suite started-at="2021-11-04T09:04:49 IST" name="ParamterTestNG" finished-at="2021-11-04T09:04:52 IST" duration-ms="3471">
    <groups>
    </groups>
    <test started-at="2021-11-04T09:04:49 IST" name="Test1" finished-at="2021-11-04T09:04:52 IST" duration-ms="3471">
      <class name="com.qa.TestNGParameters.Seleniumdemoparameter">
        <test-method signature="wikipage(java.lang.String)[pri:0, instance:com.qa.TestNGParameters.Seleniumdemoparameter@2f8dad04]" started-at="2021-11-04T09:04:49 IST" name="wikipage" finished-at="2021-11-04T09:04:52 IST" duration-ms="3433" status="PASS">
          <params>
            <param index="0">
              <value>
                <![CDATA[jemter automation]]>
              </value>
            </param>
          </params>
          <reporter-output>
          </reporter-output>
        </test-method> <!-- wikipage -->
      </class> <!-- com.qa.TestNGParameters.Seleniumdemoparameter -->
    </test> <!-- Test1 -->
  </suite> <!-- ParamterTestNG -->
</testng-results>
