<?xml version="1.0" encoding="UTF-8"?>
<testng-results ignored="0" total="1" passed="1" failed="0" skipped="0">
  <reporter-output>
  </reporter-output>
  <suite started-at="2021-11-11T08:44:37 IST" name="Default suite" finished-at="2021-11-11T08:44:46 IST" duration-ms="9007">
    <groups>
    </groups>
    <test started-at="2021-11-11T08:44:37 IST" name="Default test" finished-at="2021-11-11T08:44:46 IST" duration-ms="9007">
      <class name="actionsClassDemo.MouseOverDemo">
        <test-method signature="MouseOveractionDemo()[pri:0, instance:actionsClassDemo.MouseOverDemo@31e5415e]" started-at="2021-11-11T08:44:37 IST" name="MouseOveractionDemo" finished-at="2021-11-11T08:44:46 IST" duration-ms="8957" status="PASS">
          <reporter-output>
          </reporter-output>
        </test-method> <!-- MouseOveractionDemo -->
      </class> <!-- actionsClassDemo.MouseOverDemo -->
    </test> <!-- Default test -->
  </suite> <!-- Default suite -->
</testng-results>
